<?xml version="1.0" encoding="UTF-8"?>
<!-- Generated by org.testng.reporters.JUnitReportReporter -->
<testsuite hostname="ANANDA" failures="0" tests="1" name="driverFactory.Testscript" time="36.739" errors="0" timestamp="2023-04-17T11:59:20 IST" skipped="0">
  <testcase classname="driverFactory.Testscript" name="start_test" time="36.739"/>
  <system-out>
    <![CDATA[no of rows are18
Add Employee Success::19814   19814
Add Employee Success::19815   19815
Add Employee Success::19816   19816
Add Employee Success::19817   19817
Add Employee Success::19818   19818
Add Employee Success::19819   19819
Add Employee Success::19820   19820
Add Employee Success::19821   19821
Add Employee Success::19822   19822
Add Employee Success::19823   19823
Add Employee Success::19824   19824
Add Employee Success::19825   19825
Add Employee Success::19826   19826
Add Employee Success::19827   19827
Add Employee Success::19828   19828
Add Employee Success::19829   19829
Add Employee Success::19830   19830
Add Employee Success::19831   19831]]>
  </system-out>
</testsuite> <!-- driverFactory.Testscript -->
